<?xml version="1.0" encoding="UTF-8"?>
<!-- Generated by org.testng.reporters.JUnitReportReporter -->
<testsuite hostname="DESKTOP-39TAEO2" failures="0" tests="2" name="com.orangehrm.runner.OrangeHRMTestRunner" time="13.887" errors="0" timestamp="2025-11-08T16:53:33 IST" skipped="0">
  <testcase classname="com.orangehrm.runner.OrangeHRMTestRunner" name="runScenario" time="13.315"/>
  <testcase classname="com.orangehrm.runner.OrangeHRMTestRunner" name="runScenario" time="0.572"/>
</testsuite> <!-- com.orangehrm.runner.OrangeHRMTestRunner -->
